c:\users\asus\desktop\cgp\newest\assignment\debug\vc143.pdb
c:\users\asus\desktop\cgp\newest\assignment\debug\vc143.idb
c:\users\asus\desktop\cgp\newest\assignment\debug\settings.obj
c:\users\asus\desktop\cgp\newest\assignment\debug\rock.obj
c:\users\asus\desktop\cgp\newest\assignment\debug\player.obj
c:\users\asus\desktop\cgp\newest\assignment\debug\physics.obj
c:\users\asus\desktop\cgp\newest\assignment\debug\moveablesprite.obj
c:\users\asus\desktop\cgp\newest\assignment\debug\mainmenu.obj
c:\users\asus\desktop\cgp\newest\assignment\debug\main.obj
c:\users\asus\desktop\cgp\newest\assignment\debug\line.obj
c:\users\asus\desktop\cgp\newest\assignment\debug\level1.obj
c:\users\asus\desktop\cgp\newest\assignment\debug\level.obj
c:\users\asus\desktop\cgp\newest\assignment\debug\inputmanager.obj
c:\users\asus\desktop\cgp\newest\assignment\debug\helper.obj
c:\users\asus\desktop\cgp\newest\assignment\debug\gameover.obj
c:\users\asus\desktop\cgp\newest\assignment\debug\gameengine.obj
c:\users\asus\desktop\cgp\newest\assignment\debug\game.obj
c:\users\asus\desktop\cgp\newest\assignment\debug\frametimer.obj
c:\users\asus\desktop\cgp\newest\assignment\debug\font.obj
c:\users\asus\desktop\cgp\newest\assignment\debug\d3dmanager.obj
c:\users\asus\desktop\cgp\newest\assignment\debug\audiomanager.obj
c:\users\asus\desktop\cgp\newest\assignment\debug\audio.obj
c:\users\asus\desktop\cgp\newest\assignment\debug\windowmanager.obj
c:\users\asus\desktop\cgp\newest\assignment\debug\victory.obj
c:\users\asus\desktop\cgp\newest\assignment\debug\sprite.obj
c:\users\asus\desktop\cgp\newest\assignment\debug\assignment.ilk
c:\users\asus\desktop\cgp\newest\assignment\debug\assignment.exe
c:\users\asus\desktop\cgp\newest\assignment\debug\assignment.pdb
c:\users\asus\desktop\cgp\newest\assignment\debug\assignment.vcxproj.cppwinrt_comp.rsp
c:\users\asus\desktop\cgp\newest\assignment\debug\assignment.vcxproj.cppwinrt_plat.rsp
c:\users\asus\desktop\cgp\newest\assignment\debug\assignment.vcxproj.mdmerge.rsp
c:\users\asus\desktop\cgp\newest\assignment\debug\assignment.vcxproj.midlrt.rsp
c:\users\asus\desktop\cgp\newest\assignment\debug\assignment.tlog\cl.command.1.tlog
c:\users\asus\desktop\cgp\newest\assignment\debug\assignment.tlog\cl.items.tlog
c:\users\asus\desktop\cgp\newest\assignment\debug\assignment.tlog\cl.read.1.tlog
c:\users\asus\desktop\cgp\newest\assignment\debug\assignment.tlog\cl.write.1.tlog
c:\users\asus\desktop\cgp\newest\assignment\debug\assignment.tlog\link.command.1.tlog
c:\users\asus\desktop\cgp\newest\assignment\debug\assignment.tlog\link.read.1.tlog
c:\users\asus\desktop\cgp\newest\assignment\debug\assignment.tlog\link.write.1.tlog
